<?xml version="1.0" encoding="UTF-8"?>
<!-- Generated by org.testng.reporters.JUnitReportReporter -->
<testsuite hostname="SFOWWS-9HJ2B42" name="seo.checklistTest.HqSEOpageSpeedTest" tests="1" failures="0" timestamp="25 Apr 2017 22:38:51 GMT" time="21.674" errors="0">
  <testcase name="SEOSpeed" time="21.674" classname="seo.checklistTest.HqSEOpageSpeedTest"/>
</testsuite> <!-- seo.checklistTest.HqSEOpageSpeedTest -->
