<?xml version="1.0" encoding="UTF-8"?>
<!-- Generated by org.testng.reporters.JUnitReportReporter -->
<testsuite hostname="SFOWWS-9HJ2B42" name="seo.checklistTest.HQChecklistTest" tests="1" failures="0" timestamp="25 Apr 2017 22:38:51 GMT" time="6.220" errors="0">
  <testcase name="SEOlist" time="6.220" classname="seo.checklistTest.HQChecklistTest"/>
</testsuite> <!-- seo.checklistTest.HQChecklistTest -->
