<?xml version="1.0" encoding="UTF-8"?>
<!-- Generated by org.testng.reporters.JUnitReportReporter -->
<testsuite hostname="SFOWWS-9HJ2B42" name="SQAHQ.AppTest" tests="1" failures="0" timestamp="25 Apr 2017 22:38:51 GMT" time="0.001" errors="0">
  <testcase name="testApp" time="0.001" classname="SQAHQ.AppTest"/>
</testsuite> <!-- SQAHQ.AppTest -->
