<?xml version="1.0" encoding="UTF-8"?>
<!-- Generated by org.testng.reporters.JUnitReportReporter -->
<testsuite skipped="0" hostname="SFOWWS-9HJ2B42" name="listUrls.RobotsUrlsTest" tests="1" failures="0" timestamp="19 Jun 2017 20:25:01 GMT" time="10.971" errors="0">
  <testcase name="SEOSpeed" time="10.971" classname="listUrls.RobotsUrlsTest"/>
</testsuite> <!-- listUrls.RobotsUrlsTest -->
