<?xml version="1.0" encoding="UTF-8"?>
<!-- Generated by org.testng.reporters.JUnitReportReporter -->
<testsuite skipped="0" hostname="SFOWWS-9HJ2B42" name="listUrls.ExcelUrls" tests="1" failures="0" timestamp="24 May 2017 18:42:02 GMT" time="0.431" errors="1">
  <testcase name="doLogin" time="0.431" classname="listUrls.ExcelUrls">
    <error type="org.testng.internal.reflect.MethodMatcherException" message="
Data provider mismatch
Method: doLogin([Parameter{index=0, type=java.lang.String, declaredAnnotations=[]}])
Arguments: [null,(java.lang.String)http://ir.aezsinc.com/robots.txt]">
      <![CDATA[org.testng.internal.reflect.MethodMatcherException: 
Data provider mismatch
Method: doLogin([Parameter{index=0, type=java.lang.String, declaredAnnotations=[]}])
Arguments: [null,(java.lang.String)http://ir.aezsinc.com/robots.txt]
	at org.testng.internal.reflect.DataProviderMethodMatcher.getConformingArguments(DataProviderMethodMatcher.java:49)
	at org.testng.internal.Invoker.injectParameters(Invoker.java:1293)
	at org.testng.internal.Invoker.invokeTestMethods(Invoker.java:1187)
	at org.testng.internal.TestMethodWorker.invokeTestMethods(TestMethodWorker.java:126)
	at org.testng.internal.TestMethodWorker.run(TestMethodWorker.java:109)
	at org.testng.TestRunner.privateRun(TestRunner.java:744)
	at org.testng.TestRunner.run(TestRunner.java:602)
	at org.testng.SuiteRunner.runTest(SuiteRunner.java:380)
	at org.testng.SuiteRunner.runSequentially(SuiteRunner.java:375)
	at org.testng.SuiteRunner.privateRun(SuiteRunner.java:340)
	at org.testng.SuiteRunner.run(SuiteRunner.java:289)
	at org.testng.SuiteRunnerWorker.runSuite(SuiteRunnerWorker.java:52)
	at org.testng.SuiteRunnerWorker.run(SuiteRunnerWorker.java:86)
	at org.testng.TestNG.runSuitesSequentially(TestNG.java:1301)
	at org.testng.TestNG.runSuitesLocally(TestNG.java:1226)
	at org.testng.TestNG.runSuites(TestNG.java:1144)
	at org.testng.TestNG.run(TestNG.java:1115)
	at org.testng.remote.AbstractRemoteTestNG.run(AbstractRemoteTestNG.java:132)
	at org.testng.remote.RemoteTestNG.initAndRun(RemoteTestNG.java:230)
	at org.testng.remote.RemoteTestNG.main(RemoteTestNG.java:76)
]]>
    </error>
  </testcase> <!-- doLogin -->
</testsuite> <!-- listUrls.ExcelUrls -->
