<?xml version="1.0" encoding="UTF-8"?>
<!-- Generated by org.testng.reporters.JUnitReportReporter -->
<testsuite skipped="0" hostname="SFOWWS-9HJ2B42" name="listUrlscopymay23.CheckListPageUrlsTest" tests="1" failures="0" timestamp="26 Oct 2017 18:02:58 GMT" time="1220.457" errors="0">
  <testcase name="SEOSpeed" time="1220.457" classname="listUrlscopymay23.CheckListPageUrlsTest"/>
</testsuite> <!-- listUrlscopymay23.CheckListPageUrlsTest -->
