<?xml version="1.0" encoding="UTF-8"?>
<!-- Generated by org.testng.reporters.JUnitReportReporter -->
<testsuite skipped="0" hostname="SFOWWS-9HJ2B42" name="seo.checkList.SEORobotsTxt" tests="1" failures="0" timestamp="25 Apr 2017 20:18:02 GMT" time="2.906" errors="0">
  <testcase name="SEOlist" time="2.906" classname="seo.checkList.SEORobotsTxt"/>
</testsuite> <!-- seo.checkList.SEORobotsTxt -->
