<?xml version="1.0" encoding="UTF-8"?>
<!-- Generated by org.testng.reporters.JUnitReportReporter -->
<testsuite skipped="0" hostname="SFOWWS-9HJ2B42" name="seo.checklistTest.HQChecklistTest" tests="1" failures="0" timestamp="25 Apr 2017 18:23:10 GMT" time="6.169" errors="0">
  <testcase name="SEOlist" time="6.169" classname="seo.checklistTest.HQChecklistTest"/>
</testsuite> <!-- seo.checklistTest.HQChecklistTest -->
