<?xml version="1.0" encoding="UTF-8"?>
<!-- Generated by org.testng.reporters.JUnitReportReporter -->
<testsuite skipped="0" hostname="SFOWWS-9HJ2B42" name="listUrls.GoogleInsightsTest" tests="1" failures="0" timestamp="24 Oct 2017 21:12:06 GMT" time="0.593" errors="0">
  <testcase name="SEOSpeed" time="0.593" classname="listUrls.GoogleInsightsTest"/>
</testsuite> <!-- listUrls.GoogleInsightsTest -->
