<?xml version="1.0" encoding="UTF-8"?>
<!-- Generated by org.testng.reporters.JUnitReportReporter -->
<testsuite skipped="0" hostname="SFOWWS-9HJ2B42" name="listUrls.GoogleInsightsTestcopy" tests="1" failures="0" timestamp="24 Oct 2017 21:12:40 GMT" time="0.488" errors="0">
  <testcase name="SEOSpeed" time="0.488" classname="listUrls.GoogleInsightsTestcopy"/>
</testsuite> <!-- listUrls.GoogleInsightsTestcopy -->
