<?xml version="1.0" encoding="UTF-8"?>
<!-- Generated by org.testng.reporters.JUnitReportReporter -->
<testsuite skipped="0" hostname="SFOWWS-9HJ2B42" name="seo.checklistTest.HqSEOpageSpeedTest" tests="1" failures="0" timestamp="01 May 2017 16:59:19 GMT" time="35.005" errors="0">
  <testcase name="SEOSpeed" time="35.005" classname="seo.checklistTest.HqSEOpageSpeedTest"/>
</testsuite> <!-- seo.checklistTest.HqSEOpageSpeedTest -->
